[01m[K/rob_prog/planner_wksp/src/simple_planner/src/PathFinding.cpp:[m[K In lambda function:
[01m[K/rob_prog/planner_wksp/src/simple_planner/src/PathFinding.cpp:199:16:[m[K [01;31m[Kerror: [m[K‘[01m[KgoalPosition[m[K’ is not captured
  199 |         return [01;31m[KgoalPosition[m[K - Eigen::Vector2i(n1.x, n1.y) < goalPosition - Eigen::Vector2i(n2.x, n2.y);
      |                [01;31m[K^~~~~~~~~~~~[m[K
[01m[K/rob_prog/planner_wksp/src/simple_planner/src/PathFinding.cpp:198:23:[m[K [01;36m[Knote: [m[Kthe lambda has no capture-default
  198 |     closedList->sort([[01;36m[K][m[K(const SearchNode &n1, const SearchNode &n2) {
      |                       [01;36m[K^[m[K
[01m[K/rob_prog/planner_wksp/src/simple_planner/src/PathFinding.cpp:197:93:[m[K [01;36m[Knote: [m[K‘[01m[Kconst Vector2i& goalPosition[m[K’ declared here
  197 | SearchNode *getClosestNodeToGoal(std::list <SearchNode> *closedList, [01;36m[Kconst Eigen::Vector2i &goalPosition[m[K) {
      |                                                                      [01;36m[K~~~~~~~~~~~~~~~~~~~~~~~^~~~~~~~~~~~[m[K
[01m[K/rob_prog/planner_wksp/src/simple_planner/src/PathFinding.cpp:199:61:[m[K [01;31m[Kerror: [m[K‘[01m[KgoalPosition[m[K’ is not captured
  199 |         return goalPosition - Eigen::Vector2i(n1.x, n1.y) < [01;31m[KgoalPosition[m[K - Eigen::Vector2i(n2.x, n2.y);
      |                                                             [01;31m[K^~~~~~~~~~~~[m[K
[01m[K/rob_prog/planner_wksp/src/simple_planner/src/PathFinding.cpp:198:23:[m[K [01;36m[Knote: [m[Kthe lambda has no capture-default
  198 |     closedList->sort([[01;36m[K][m[K(const SearchNode &n1, const SearchNode &n2) {
      |                       [01;36m[K^[m[K
[01m[K/rob_prog/planner_wksp/src/simple_planner/src/PathFinding.cpp:197:93:[m[K [01;36m[Knote: [m[K‘[01m[Kconst Vector2i& goalPosition[m[K’ declared here
  197 | SearchNode *getClosestNodeToGoal(std::list <SearchNode> *closedList, [01;36m[Kconst Eigen::Vector2i &goalPosition[m[K) {
      |                                                                      [01;36m[K~~~~~~~~~~~~~~~~~~~~~~~^~~~~~~~~~~~[m[K
[01m[K/rob_prog/planner_wksp/src/simple_planner/src/PathFinding.cpp:[m[K In function ‘[01m[KSearchNode* getClosestNodeToGoal(std::__cxx11::list<SearchNode>*, const Vector2i&)[m[K’:
[01m[K/rob_prog/planner_wksp/src/simple_planner/src/PathFinding.cpp:202:29:[m[K [01;31m[Kerror: [m[Kcannot convert ‘[01m[K__gnu_cxx::__alloc_traits<std::allocator<SearchNode>, SearchNode>::value_type[m[K’ {aka ‘[01m[KSearchNode[m[K’} to ‘[01m[KSearchNode*[m[K’ in return
  202 |     return [01;31m[KclosedList->front()[m[K;
      |            [01;31m[K~~~~~~~~~~~~~~~~~^~[m[K
      |                             [01;31m[K|[m[K
      |                             [01;31m[K__gnu_cxx::__alloc_traits<std::allocator<SearchNode>, SearchNode>::value_type {aka SearchNode}[m[K
In file included from [01m[K/usr/include/c++/9/list:64[m[K,
                 from [01m[K/opt/ros/noetic/include/ros/forwards.h:35[m[K,
                 from [01m[K/opt/ros/noetic/include/ros/common.h:37[m[K,
                 from [01m[K/opt/ros/noetic/include/ros/ros.h:43[m[K,
                 from [01m[K/rob_prog/planner_wksp/src/simple_planner/src/ImageMap.h:14[m[K,
                 from [01m[K/rob_prog/planner_wksp/src/simple_planner/src/PathFinding.h:8[m[K,
                 from [01m[K/rob_prog/planner_wksp/src/simple_planner/src/PathFinding.cpp:5[m[K:
/usr/include/c++/9/bits/list.tcc: In instantiation of ‘[01m[Kvoid std::__cxx11::list<_Tp, _Alloc>::merge(std::__cxx11::list<_Tp, _Alloc>&&, _StrictWeakOrdering) [with _StrictWeakOrdering = getClosestNodeToGoal(std::__cxx11::list<SearchNode>*, const Vector2i&)::<lambda(const SearchNode&, const SearchNode&)>; _Tp = SearchNode; _Alloc = std::allocator<SearchNode>][m[K’:
[01m[K/usr/include/c++/9/bits/stl_list.h:1781:4:[m[K   required from ‘[01m[Kvoid std::__cxx11::list<_Tp, _Alloc>::merge(std::__cxx11::list<_Tp, _Alloc>&, _StrictWeakOrdering) [with _StrictWeakOrdering = getClosestNodeToGoal(std::__cxx11::list<SearchNode>*, const Vector2i&)::<lambda(const SearchNode&, const SearchNode&)>; _Tp = SearchNode; _Alloc = std::allocator<SearchNode>][m[K’
[01m[K/usr/include/c++/9/bits/list.tcc:605:4:[m[K   required from ‘[01m[Kvoid std::__cxx11::list<_Tp, _Alloc>::sort(_StrictWeakOrdering) [with _StrictWeakOrdering = getClosestNodeToGoal(std::__cxx11::list<SearchNode>*, const Vector2i&)::<lambda(const SearchNode&, const SearchNode&)>; _Tp = SearchNode; _Alloc = std::allocator<SearchNode>][m[K’
[01m[K/rob_prog/planner_wksp/src/simple_planner/src/PathFinding.cpp:200:6:[m[K   required from here
[01m[K/usr/include/c++/9/bits/list.tcc:460:15:[m[K [01;31m[Kerror: [m[Kcould not convert ‘[01m[K__comp.getClosestNodeToGoal(std::__cxx11::list<SearchNode>*, const Vector2i&)::<lambda(const SearchNode&, const SearchNode&)>((*(const SearchNode*)(& __first2.std::_List_iterator<SearchNode>::operator*())), (*(const SearchNode*)(& __first1.std::_List_iterator<SearchNode>::operator*())))[m[K’ from ‘[01m[Kvoid[m[K’ to ‘[01m[Kbool[m[K’
  460 |     if ([01;31m[K__comp(*__first2, *__first1)[m[K)
      |         [01;31m[K~~~~~~^~~~~~~~~~~~~~~~~~~~~~[m[K
      |               [01;31m[K|[m[K
      |               [01;31m[Kvoid[m[K
make[2]: *** [CMakeFiles/planner_internal.dir/build.make:102: CMakeFiles/planner_internal.dir/src/PathFinding.cpp.o] Error 1
make[1]: *** [CMakeFiles/Makefile2:670: CMakeFiles/planner_internal.dir/all] Error 2
make: *** [Makefile:141: all] Error 2
