[01m[K/rob_prog/planner_wksp/src/simple_planner/src/planner_main.cpp:[m[K In function ‘[01m[Kint main(int, char**)[m[K’:
[01m[K/rob_prog/planner_wksp/src/simple_planner/src/planner_main.cpp:30:96:[m[K [01;31m[Kerror: [m[Kno matching function for call to ‘[01m[Kros::NodeHandle::advertise<visualization_msgs::Marker>(const char [21])[m[K’
   30 |     ros::Publisher marker_pub = nh.advertise<visualization_msgs::Marker>("visualization_marker"[01;31m[K)[m[K;
      |                                                                                                [01;31m[K^[m[K
In file included from [01m[K/opt/ros/noetic/include/ros/ros.h:45[m[K,
                 from [01m[K/rob_prog/planner_wksp/src/simple_planner/src/ImageMap.h:14[m[K,
                 from [01m[K/rob_prog/planner_wksp/src/simple_planner/src/planner_main.cpp:2[m[K:
[01m[K/opt/ros/noetic/include/ros/node_handle.h:249:15:[m[K [01;36m[Knote: [m[Kcandidate: ‘[01m[Kros::Publisher ros::NodeHandle::advertise(const string&, uint32_t, bool) [with M = visualization_msgs::Marker_<std::allocator<void> >; std::string = std::__cxx11::basic_string<char>; uint32_t = unsigned int][m[K’
  249 |     Publisher [01;36m[Kadvertise[m[K(const std::string& topic, uint32_t queue_size, bool latch = false)
      |               [01;36m[K^~~~~~~~~[m[K
[01m[K/opt/ros/noetic/include/ros/node_handle.h:249:15:[m[K [01;36m[Knote: [m[K  candidate expects 3 arguments, 1 provided
In file included from [01m[K/opt/ros/noetic/include/ros/ros.h:45[m[K,
                 from [01m[K/rob_prog/planner_wksp/src/simple_planner/src/ImageMap.h:14[m[K,
                 from [01m[K/rob_prog/planner_wksp/src/simple_planner/src/planner_main.cpp:2[m[K:
[01m[K/opt/ros/noetic/include/ros/node_handle.h:315:13:[m[K [01;36m[Knote: [m[Kcandidate: ‘[01m[Kros::Publisher ros::NodeHandle::advertise(const string&, uint32_t, const SubscriberStatusCallback&, const SubscriberStatusCallback&, const VoidConstPtr&, bool) [with M = visualization_msgs::Marker_<std::allocator<void> >; std::string = std::__cxx11::basic_string<char>; uint32_t = unsigned int; ros::SubscriberStatusCallback = boost::function<void(const ros::SingleSubscriberPublisher&)>; ros::VoidConstPtr = boost::shared_ptr<const void>][m[K’
  315 |   Publisher [01;36m[Kadvertise[m[K(const std::string& topic, uint32_t queue_size,
      |             [01;36m[K^~~~~~~~~[m[K
[01m[K/opt/ros/noetic/include/ros/node_handle.h:315:13:[m[K [01;36m[Knote: [m[K  candidate expects 6 arguments, 1 provided
make[2]: *** [CMakeFiles/simple_planner_node.dir/build.make:63: CMakeFiles/simple_planner_node.dir/src/planner_main.cpp.o] Error 1
make[1]: *** [CMakeFiles/Makefile2:508: CMakeFiles/simple_planner_node.dir/all] Error 2
make: *** [Makefile:141: all] Error 2
