[01m[K/rob_prog/planner_wksp/src/simple_planner/src/RvizHelper.cpp:[m[K In static member function ‘[01m[Kstatic void RvizHelper::displayOnMap(int, geometry_msgs::Pose, float)[m[K’:
[01m[K/rob_prog/planner_wksp/src/simple_planner/src/RvizHelper.cpp:22:9:[m[K [01;31m[Kerror: [m[K‘[01m[Kpoint1[m[K’ was not declared in this scope; did you mean ‘[01m[Kprintf[m[K’?
   22 |         [01;31m[Kpoint1[m[K = Point()
      |         [01;31m[K^~~~~~[m[K
      |         [32m[Kprintf[m[K
[01m[K/rob_prog/planner_wksp/src/simple_planner/src/RvizHelper.cpp:22:18:[m[K [01;31m[Kerror: [m[K‘[01m[KPoint[m[K’ was not declared in this scope; did you mean ‘[01m[Kgeometry_msgs::Point[m[K’?
   22 |         point1 = [01;31m[KPoint[m[K()
      |                  [01;31m[K^~~~~[m[K
      |                  [32m[Kgeometry_msgs::Point[m[K
In file included from [01m[K/opt/ros/noetic/include/geometry_msgs/Pose.h:18[m[K,
                 from [01m[K/opt/ros/noetic/include/nav_msgs/MapMetaData.h:18[m[K,
                 from [01m[K/rob_prog/planner_wksp/src/simple_planner/src/ImageMap.h:15[m[K,
                 from [01m[K/rob_prog/planner_wksp/src/simple_planner/src/RvizHelper.h:10[m[K,
                 from [01m[K/rob_prog/planner_wksp/src/simple_planner/src/RvizHelper.cpp:5[m[K:
[01m[K/opt/ros/noetic/include/geometry_msgs/Point.h:58:56:[m[K [01;36m[Knote: [m[K‘[01m[Kgeometry_msgs::Point[m[K’ declared here
   58 | typedef ::geometry_msgs::Point_<std::allocator<void> > [01;36m[KPoint[m[K;
      |                                                        [01;36m[K^~~~~[m[K
make[2]: *** [CMakeFiles/planner_internal.dir/build.make:89: CMakeFiles/planner_internal.dir/src/RvizHelper.cpp.o] Error 1
make[1]: *** [CMakeFiles/Makefile2:670: CMakeFiles/planner_internal.dir/all] Error 2
make: *** [Makefile:141: all] Error 2
