[01m[K/rob_prog/planner_wksp/src/simple_planner/src/planner_main.cpp:18:50:[m[K [01;31m[Kerror: [m[Kexpected ‘[01m[K,[m[K’ or ‘[01m[K...[m[K’
   18 | void saveMatrixToFile(Eigen::MatrixXi map, char* [01;31m[Kstd[m[K::string& filename = "./output.csv") {
      |                                                  [01;31m[K^~~[m[K
[01m[K/rob_prog/planner_wksp/src/simple_planner/src/planner_main.cpp:[m[K In function ‘[01m[Kvoid saveMatrixToFile(Eigen::MatrixXi, char*)[m[K’:
[01m[K/rob_prog/planner_wksp/src/simple_planner/src/planner_main.cpp:19:24:[m[K [01;31m[Kerror: [m[K‘[01m[Kfilename[m[K’ was not declared in this scope
   19 |     std::ofstream file([01;31m[Kfilename[m[K);
      |                        [01;31m[K^~~~~~~~[m[K
[01m[K/rob_prog/planner_wksp/src/simple_planner/src/planner_main.cpp:23:29:[m[K [01;31m[Kerror: [m[K‘[01m[Kmatrix[m[K’ was not declared in this scope
   23 |         for (int i = 0; i < [01;31m[Kmatrix[m[K.rows(); ++i) {
      |                             [01;31m[K^~~~~~[m[K
[01m[K/rob_prog/planner_wksp/src/simple_planner/src/planner_main.cpp:[m[K In function ‘[01m[Kvoid onPosesReceived(geometry_msgs::Pose, geometry_msgs::Pose)[m[K’:
[01m[K/rob_prog/planner_wksp/src/simple_planner/src/planner_main.cpp:74:34:[m[K [01;31m[Kerror: [m[Ktoo few arguments to function ‘[01m[Kvoid saveMatrixToFile(Eigen::MatrixXi, char*)[m[K’
   74 |     saveMatrixToFile(magnitudeMap[01;31m[K)[m[K;
      |                                  [01;31m[K^[m[K
[01m[K/rob_prog/planner_wksp/src/simple_planner/src/planner_main.cpp:18:6:[m[K [01;36m[Knote: [m[Kdeclared here
   18 | void [01;36m[KsaveMatrixToFile[m[K(Eigen::MatrixXi map, char* std::string& filename = "./output.csv") {
      |      [01;36m[K^~~~~~~~~~~~~~~~[m[K
In file included from [01m[K/usr/include/eigen3/Eigen/Core:366[m[K,
                 from [01m[K/usr/include/eigen3/Eigen/Dense:1[m[K,
                 from [01m[K/rob_prog/planner_wksp/src/simple_planner/src/ImageMap.h:12[m[K,
                 from [01m[K/rob_prog/planner_wksp/src/simple_planner/src/planner_main.cpp:2[m[K:
/usr/include/eigen3/Eigen/src/Core/AssignEvaluator.h: In instantiation of ‘[01m[Kvoid Eigen::internal::call_assignment_no_alias(Dst&, const Src&, const Func&) [with Dst = Eigen::Matrix<int, -1, -1>; Src = Eigen::Matrix<float, -1, -1>; Func = Eigen::internal::assign_op<int, float>][m[K’:
[01m[K/usr/include/eigen3/Eigen/src/Core/PlainObjectBase.h:732:41:[m[K   required from ‘[01m[KDerived& Eigen::PlainObjectBase<Derived>::_set_noalias(const Eigen::DenseBase<OtherDerived>&) [with OtherDerived = Eigen::Matrix<float, -1, -1>; Derived = Eigen::Matrix<int, -1, -1>][m[K’
[01m[K/usr/include/eigen3/Eigen/src/Core/PlainObjectBase.h:537:7:[m[K   required from ‘[01m[KEigen::PlainObjectBase<Derived>::PlainObjectBase(const Eigen::DenseBase<OtherDerived>&) [with OtherDerived = Eigen::Matrix<float, -1, -1>; Derived = Eigen::Matrix<int, -1, -1>][m[K’
[01m[K/usr/include/eigen3/Eigen/src/Core/Matrix.h:377:29:[m[K   required from ‘[01m[KEigen::Matrix<_Scalar, _Rows, _Cols, _Options, _MaxRows, _MaxCols>::Matrix(const Eigen::EigenBase<OtherDerived>&) [with OtherDerived = Eigen::Matrix<float, -1, -1>; _Scalar = int; int _Rows = -1; int _Cols = -1; int _Options = 0; int _MaxRows = -1; int _MaxCols = -1][m[K’
[01m[K/rob_prog/planner_wksp/src/simple_planner/src/planner_main.cpp:74:34:[m[K   required from here
[01m[K/usr/include/eigen3/Eigen/src/Core/util/XprHelper.h:819:96:[m[K [01;31m[Kerror: [m[Kstatic assertion failed: YOU_MIXED_DIFFERENT_NUMERIC_TYPES__YOU_NEED_TO_USE_THE_CAST_METHOD_OF_MATRIXBASE_TO_CAST_NUMERIC_TYPES_EXPLICITLY
  819 |   EIGEN_STATIC_ASSERT([01;31m[K(Eigen::internal::has_ReturnType<ScalarBinaryOpTraits<LHS, RHS,BINOP> >::value)[m[K, \
      |                       [01;31m[K~~~~~~~~~~~~~~~~~~~~~~~~~~~~~~~~~~~~~~~~~~~~~~~~~~~~~~~~~~~~~~~~~~~~~~~~~^~~~~~[m[K
[01m[K/usr/include/eigen3/Eigen/src/Core/util/StaticAssert.h:33:54:[m[K [01;36m[Knote: [m[Kin definition of macro ‘[01m[KEIGEN_STATIC_ASSERT[m[K’
   33 |     #define EIGEN_STATIC_ASSERT(X,MSG) static_assert([01;36m[KX[m[K,#MSG);
      |                                                      [01;36m[K^[m[K
[01m[K/usr/include/eigen3/Eigen/src/Core/AssignEvaluator.h:834:3:[m[K [01;36m[Knote: [m[Kin expansion of macro ‘[01m[KEIGEN_CHECK_BINARY_COMPATIBILIY[m[K’
  834 |   [01;36m[KEIGEN_CHECK_BINARY_COMPATIBILIY[m[K(Func,typename ActualDstTypeCleaned::Scalar,typename Src::Scalar);
      |   [01;36m[K^~~~~~~~~~~~~~~~~~~~~~~~~~~~~~~[m[K
make[2]: *** [CMakeFiles/simple_planner_node.dir/build.make:63: CMakeFiles/simple_planner_node.dir/src/planner_main.cpp.o] Error 1
make[1]: *** [CMakeFiles/Makefile2:508: CMakeFiles/simple_planner_node.dir/all] Error 2
make: *** [Makefile:141: all] Error 2
