[01m[K/rob_prog/planner_wksp/src/simple_planner/src/UniformCostSearch.cpp:[m[K In member function ‘[01m[KEigen::MatrixXi UniformCostSearch::computeRowDerivative(Eigen::MatrixXi) const[m[K’:
[01m[K/rob_prog/planner_wksp/src/simple_planner/src/UniformCostSearch.cpp:16:36:[m[K [01;31m[Kerror: [m[K‘[01m[Kc[m[K’ was not declared in this scope
   16 |             res(i, j) = map(i + 1, [01;31m[Kc[m[K) - map(i - 1, c);
      |                                    [01;31m[K^[m[K
[01m[K/rob_prog/planner_wksp/src/simple_planner/src/UniformCostSearch.cpp:[m[K At global scope:
[01m[K/rob_prog/planner_wksp/src/simple_planner/src/UniformCostSearch.cpp:23:17:[m[K [01;31m[Kerror: [m[Kno declaration matches ‘[01m[KEigen::MatrixXi UniformCostSearch::computeColumnDerivative(int) const[m[K’
   23 | Eigen::MatrixXi [01;31m[KUniformCostSearch[m[K::computeColumnDerivative(int map) const {
      |                 [01;31m[K^~~~~~~~~~~~~~~~~[m[K
In file included from [01m[K/rob_prog/planner_wksp/src/simple_planner/src/UniformCostSearch.cpp:5[m[K:
[01m[K/rob_prog/planner_wksp/src/simple_planner/src/UniformCostSearch.h:14:21:[m[K [01;36m[Knote: [m[Kcandidate is: ‘[01m[KEigen::MatrixXi UniformCostSearch::computeColumnDerivative(Eigen::MatrixXi) const[m[K’
   14 |     Eigen::MatrixXi [01;36m[KcomputeColumnDerivative[m[K(Eigen::MatrixXi map) const;
      |                     [01;36m[K^~~~~~~~~~~~~~~~~~~~~~~[m[K
[01m[K/rob_prog/planner_wksp/src/simple_planner/src/UniformCostSearch.h:11:7:[m[K [01;36m[Knote: [m[K‘[01m[Kclass UniformCostSearch[m[K’ defined here
   11 | class [01;36m[KUniformCostSearch[m[K {
      |       [01;36m[K^~~~~~~~~~~~~~~~~[m[K
[01m[K/rob_prog/planner_wksp/src/simple_planner/src/UniformCostSearch.cpp:[m[K In member function ‘[01m[KEigen::MatrixXi UniformCostSearch::computeMagnitudeDerivative(int) const[m[K’:
[01m[K/rob_prog/planner_wksp/src/simple_planner/src/UniformCostSearch.cpp:40:24:[m[K [01;31m[Kerror: [m[Krequest for member ‘[01m[Krows[m[K’ in ‘[01m[Kmap[m[K’, which is of non-class type ‘[01m[Kint[m[K’
   40 |     int num_rows = map.[01;31m[Krows[m[K();
      |                        [01;31m[K^~~~[m[K
[01m[K/rob_prog/planner_wksp/src/simple_planner/src/UniformCostSearch.cpp:41:24:[m[K [01;31m[Kerror: [m[Krequest for member ‘[01m[Kcols[m[K’ in ‘[01m[Kmap[m[K’, which is of non-class type ‘[01m[Kint[m[K’
   41 |     int num_cols = map.[01;31m[Kcols[m[K();
      |                        [01;31m[K^~~~[m[K
[01m[K/rob_prog/planner_wksp/src/simple_planner/src/UniformCostSearch.cpp:47:58:[m[K [01;31m[Kerror: [m[Kcannot convert ‘[01m[Kint[m[K’ to ‘[01m[KEigen::MatrixXi[m[K’ {aka ‘[01m[KEigen::Matrix<int, -1, -1>[m[K’}
   47 |     Eigen::MatrixXi rowDerivative = computeRowDerivative([01;31m[Kmap[m[K);
      |                                                          [01;31m[K^~~[m[K
      |                                                          [01;31m[K|[m[K
      |                                                          [01;31m[Kint[m[K
[01m[K/rob_prog/planner_wksp/src/simple_planner/src/UniformCostSearch.cpp:7:73:[m[K [01;36m[Knote: [m[K  initializing argument 1 of ‘[01m[KEigen::MatrixXi UniformCostSearch::computeRowDerivative(Eigen::MatrixXi) const[m[K’
    7 | Eigen::MatrixXi UniformCostSearch::computeRowDerivative([01;36m[KEigen::MatrixXi map[m[K) const {
      |                                                         [01;36m[K~~~~~~~~~~~~~~~~^~~[m[K
[01m[K/rob_prog/planner_wksp/src/simple_planner/src/UniformCostSearch.cpp:48:37:[m[K [01;31m[Kerror: [m[K‘[01m[KcomputeColDerivative[m[K’ was not declared in this scope; did you mean ‘[01m[KcomputeRowDerivative[m[K’?
   48 |     Eigen::MatrixXi colDerivative = [01;31m[KcomputeColDerivative[m[K(map);
      |                                     [01;31m[K^~~~~~~~~~~~~~~~~~~~[m[K
      |                                     [32m[KcomputeRowDerivative[m[K
[01m[K/rob_prog/planner_wksp/src/simple_planner/src/UniformCostSearch.cpp:50:25:[m[K [01;31m[Kerror: [m[K‘[01m[Krows[m[K’ was not declared in this scope
   50 |     for (int r = 0; r < [01;31m[Krows[m[K; ++r) {
      |                         [01;31m[K^~~~[m[K
[01m[K/rob_prog/planner_wksp/src/simple_planner/src/UniformCostSearch.cpp:51:29:[m[K [01;31m[Kerror: [m[K‘[01m[Kcols[m[K’ was not declared in this scope; did you mean ‘[01m[Kcosl[m[K’?
   51 |         for (int c = 0; c < [01;31m[Kcols[m[K; ++c) {
      |                             [01;31m[K^~~~[m[K
      |                             [32m[Kcosl[m[K
[01m[K/rob_prog/planner_wksp/src/simple_planner/src/UniformCostSearch.cpp:53:60:[m[K [01;31m[Kerror: [m[K‘[01m[KEigen::MatrixXi[m[K’ {aka ‘[01m[Kclass Eigen::Matrix<int, -1, -1>[m[K’} has no member named ‘[01m[Kat[m[K’; did you mean ‘[01m[Kdata[m[K’?
   53 |             Eigen::Vector2f cell_derivatives(rowDerivative.[01;31m[Kat[m[K(r, c), colDerivative.at(r, c));
      |                                                            [01;31m[K^~[m[K
      |                                                            [32m[Kdata[m[K
[01m[K/rob_prog/planner_wksp/src/simple_planner/src/UniformCostSearch.cpp:53:84:[m[K [01;31m[Kerror: [m[K‘[01m[KEigen::MatrixXi[m[K’ {aka ‘[01m[Kclass Eigen::Matrix<int, -1, -1>[m[K’} has no member named ‘[01m[Kat[m[K’; did you mean ‘[01m[Kdata[m[K’?
   53 |             Eigen::Vector2f cell_derivatives(rowDerivative.at(r, c), colDerivative.[01;31m[Kat[m[K(r, c));
      |                                                                                    [01;31m[K^~[m[K
      |                                                                                    [32m[Kdata[m[K
[01m[K/rob_prog/planner_wksp/src/simple_planner/src/UniformCostSearch.cpp:54:17:[m[K [01;31m[Kerror: [m[K‘[01m[KEigen::MatrixXi[m[K’ {aka ‘[01m[Kclass Eigen::Matrix<int, -1, -1>[m[K’} has no member named ‘[01m[Kat[m[K’; did you mean ‘[01m[Kdata[m[K’?
   54 |             res.[01;31m[Kat[m[K(r, c) = cell_derivatives.squaredNorm();
      |                 [01;31m[K^~[m[K
      |                 [32m[Kdata[m[K
make[2]: *** [CMakeFiles/planner_internal.dir/build.make:102: CMakeFiles/planner_internal.dir/src/UniformCostSearch.cpp.o] Error 1
make[2]: *** Waiting for unfinished jobs....
make[1]: *** [CMakeFiles/Makefile2:670: CMakeFiles/planner_internal.dir/all] Error 2
make: *** [Makefile:141: all] Error 2
