[01m[K/rob_prog/planner_wksp/src/simple_planner/src/planner_main.cpp:[m[K In function ‘[01m[Kstd::function<void(geometry_msgs::Pose_<std::allocator<void> >, geometry_msgs::Pose_<std::allocator<void> >)> onPosesReceived2(ImageMap)[m[K’:
[01m[K/rob_prog/planner_wksp/src/simple_planner/src/planner_main.cpp:19:86:[m[K [01;31m[Kerror: [m[Ka function-definition is not allowed here before ‘[01m[K{[m[K’ token
   19 |     void onPosesReceived(geometry_msgs::Pose initPose, geometry_msgs::Pose goalPose) [01;31m[K{[m[K
      |                                                                                      [01;31m[K^[m[K
[01m[K/rob_prog/planner_wksp/src/simple_planner/src/planner_main.cpp:30:12:[m[K [01;31m[Kerror: [m[K‘[01m[KonPosesReceived[m[K’ was not declared in this scope; did you mean ‘[01m[KonPosesReceived2[m[K’?
   30 |     return [01;31m[KonPosesReceived[m[K;
      |            [01;31m[K^~~~~~~~~~~~~~~[m[K
      |            [32m[KonPosesReceived2[m[K
[01m[K/rob_prog/planner_wksp/src/simple_planner/src/planner_main.cpp:[m[K In function ‘[01m[Kint main(int, char**)[m[K’:
[01m[K/rob_prog/planner_wksp/src/simple_planner/src/planner_main.cpp:50:53:[m[K [01;31m[Kerror: [m[Kcannot convert ‘[01m[Kstd::function<void(geometry_msgs::Pose_<std::allocator<void> >, geometry_msgs::Pose_<std::allocator<void> >)>[m[K’ to ‘[01m[Kvoid (*)(geometry_msgs::Pose, geometry_msgs::Pose)[m[K’ {aka ‘[01m[Kvoid (*)(geometry_msgs::Pose_<std::allocator<void> >, geometry_msgs::Pose_<std::allocator<void> >)[m[K’}
   50 |     poses.setOnPoseReceivedCallback([01;31m[KonPosesReceived2(map)[m[K);
      |                                     [01;31m[K~~~~~~~~~~~~~~~~^~~~~[m[K
      |                                                     [01;31m[K|[m[K
      |                                                     [01;31m[Kstd::function<void(geometry_msgs::Pose_<std::allocator<void> >, geometry_msgs::Pose_<std::allocator<void> >)>[m[K
In file included from [01m[K/rob_prog/planner_wksp/src/simple_planner/src/planner_main.cpp:3[m[K:
[01m[K/rob_prog/planner_wksp/src/simple_planner/src/RobotPoses.h:27:43:[m[K [01;36m[Knote: [m[K  initializing argument 1 of ‘[01m[Kvoid RobotPoses::setOnPoseReceivedCallback(void (*)(geometry_msgs::Pose, geometry_msgs::Pose))[m[K’
   27 |     void setOnPoseReceivedCallback([01;36m[Kvoid (*poseCallback)(geometry_msgs::Pose, geometry_msgs::Pose)[m[K);
      |                                    [01;36m[K~~~~~~~^~~~~~~~~~~~~~~~~~~~~~~~~~~~~~~~~~~~~~~~~~~~~~~~~~~~~~~[m[K
make[2]: *** [CMakeFiles/simple_planner_node.dir/build.make:63: CMakeFiles/simple_planner_node.dir/src/planner_main.cpp.o] Error 1
make[1]: *** [CMakeFiles/Makefile2:508: CMakeFiles/simple_planner_node.dir/all] Error 2
make: *** [Makefile:141: all] Error 2
