In file included from [01m[K/rob_prog/planner_wksp/src/simple_planner/src/ImageMap.cpp:5[m[K:
[01m[K/rob_prog/planner_wksp/src/simple_planner/src/ImageMap.h:36:2:[m[K [01;31m[Kerror: [m[Kexpected ‘[01m[K;[m[K’ after class definition
   36 | }
      |  [01;31m[K^[m[K
      |  [32m[K;[m[K
[01m[K/rob_prog/planner_wksp/src/simple_planner/src/ImageMap.cpp:[m[K In member function ‘[01m[Kvoid ImageMap::fillMap(const ConstPtr&)[m[K’:
[01m[K/rob_prog/planner_wksp/src/simple_planner/src/ImageMap.cpp:30:11:[m[K [01;31m[Kerror: [m[Kno match for ‘[01m[Koperator<<[m[K’ (operand types are ‘[01m[K<unresolved overloaded function type>[m[K’ and ‘[01m[KEigen::MatrixXi[m[K’ {aka ‘[01m[KEigen::Matrix<int, -1, -1>[m[K’})
   30 |     [01;31m[Kcount << grid[m[K << endl;
      |     [01;31m[K~~~~~~^~~~~~~[m[K
In file included from [01m[K/opt/ros/noetic/include/ros/node_handle.h:52[m[K,
                 from [01m[K/opt/ros/noetic/include/ros/ros.h:45[m[K,
                 from [01m[K/rob_prog/planner_wksp/src/simple_planner/src/ImageMap.h:14[m[K,
                 from [01m[K/rob_prog/planner_wksp/src/simple_planner/src/ImageMap.cpp:5[m[K:
[01m[K/opt/ros/noetic/include/xmlrpcpp/XmlRpcValue.h:207:29:[m[K [01;36m[Knote: [m[Kcandidate: ‘[01m[Kstd::ostream& operator<<(std::ostream&, const XmlRpc::XmlRpcValue&)[m[K’
  207 | XMLRPCPP_DECL std::ostream& [01;36m[Koperator[m[K<<(std::ostream& os, const XmlRpc::XmlRpcValue& v);
      |                             [01;36m[K^~~~~~~~[m[K
[01m[K/opt/ros/noetic/include/xmlrpcpp/XmlRpcValue.h:207:54:[m[K [01;36m[Knote: [m[K  no known conversion for argument 1 from ‘[01m[K<unresolved overloaded function type>[m[K’ to ‘[01m[Kstd::ostream&[m[K’ {aka ‘[01m[Kstd::basic_ostream<char>&[m[K’}
  207 | XMLRPCPP_DECL std::ostream& operator<<([01;36m[Kstd::ostream& os[m[K, const XmlRpc::XmlRpcValue& v);
      |                                        [01;36m[K~~~~~~~~~~~~~~^~[m[K
In file included from [01m[K/usr/include/c++/9/string:55[m[K,
                 from [01m[K/usr/include/c++/9/bits/locale_classes.h:40[m[K,
                 from [01m[K/usr/include/c++/9/bits/ios_base.h:41[m[K,
                 from [01m[K/usr/include/c++/9/ios:42[m[K,
                 from [01m[K/usr/include/c++/9/istream:38[m[K,
                 from [01m[K/usr/include/c++/9/fstream:38[m[K,
                 from [01m[K/rob_prog/planner_wksp/src/simple_planner/src/ImageMap.h:8[m[K,
                 from [01m[K/rob_prog/planner_wksp/src/simple_planner/src/ImageMap.cpp:5[m[K:
[01m[K/usr/include/c++/9/bits/basic_string.h:6419:5:[m[K [01;36m[Knote: [m[Kcandidate: ‘[01m[Ktemplate<class _CharT, class _Traits, class _Alloc> std::basic_ostream<_CharT, _Traits>& std::operator<<(std::basic_ostream<_CharT, _Traits>&, const std::__cxx11::basic_string<_CharT, _Traits, _Alloc>&)[m[K’
 6419 |     [01;36m[Koperator[m[K<<(basic_ostream<_CharT, _Traits>& __os,
      |     [01;36m[K^~~~~~~~[m[K
[01m[K/usr/include/c++/9/bits/basic_string.h:6419:5:[m[K [01;36m[Knote: [m[K  template argument deduction/substitution failed:
[01m[K/rob_prog/planner_wksp/src/simple_planner/src/ImageMap.cpp:30:14:[m[K [01;36m[Knote: [m[K  ‘[01m[KEigen::MatrixXi[m[K’ {aka ‘[01m[KEigen::Matrix<int, -1, -1>[m[K’} is not derived from ‘[01m[Kconst std::__cxx11::basic_string<_CharT, _Traits, _Alloc>[m[K’
   30 |     count << [01;36m[Kgrid[m[K << endl;
      |              [01;36m[K^~~~[m[K
In file included from [01m[K/usr/include/c++/9/bits/ios_base.h:46[m[K,
                 from [01m[K/usr/include/c++/9/ios:42[m[K,
                 from [01m[K/usr/include/c++/9/istream:38[m[K,
                 from [01m[K/usr/include/c++/9/fstream:38[m[K,
                 from [01m[K/rob_prog/planner_wksp/src/simple_planner/src/ImageMap.h:8[m[K,
                 from [01m[K/rob_prog/planner_wksp/src/simple_planner/src/ImageMap.cpp:5[m[K:
[01m[K/usr/include/c++/9/system_error:217:5:[m[K [01;36m[Knote: [m[Kcandidate: ‘[01m[Ktemplate<class _CharT, class _Traits> std::basic_ostream<_CharT, _Traits>& std::operator<<(std::basic_ostream<_CharT, _Traits>&, const std::error_code&)[m[K’
  217 |     [01;36m[Koperator[m[K<<(basic_ostream<_CharT, _Traits>& __os, const error_code& __e)
      |     [01;36m[K^~~~~~~~[m[K
[01m[K/usr/include/c++/9/system_error:217:5:[m[K [01;36m[Knote: [m[K  template argument deduction/substitution failed:
[01m[K/rob_prog/planner_wksp/src/simple_planner/src/ImageMap.cpp:30:14:[m[K [01;36m[Knote: [m[K  couldn’t deduce template parameter ‘[01m[K_CharT[m[K’
   30 |     count << [01;36m[Kgrid[m[K << endl;
      |              [01;36m[K^~~~[m[K
In file included from [01m[K/usr/include/c++/9/istream:39[m[K,
                 from [01m[K/usr/include/c++/9/fstream:38[m[K,
                 from [01m[K/rob_prog/planner_wksp/src/simple_planner/src/ImageMap.h:8[m[K,
                 from [01m[K/rob_prog/planner_wksp/src/simple_planner/src/ImageMap.cpp:5[m[K:
[01m[K/usr/include/c++/9/ostream:506:5:[m[K [01;36m[Knote: [m[Kcandidate: ‘[01m[Ktemplate<class _CharT, class _Traits> std::basic_ostream<_CharT, _Traits>& std::operator<<(std::basic_ostream<_CharT, _Traits>&, _CharT)[m[K’
  506 |     [01;36m[Koperator[m[K<<(basic_ostream<_CharT, _Traits>& __out, _CharT __c)
      |     [01;36m[K^~~~~~~~[m[K
[01m[K/usr/include/c++/9/ostream:506:5:[m[K [01;36m[Knote: [m[K  template argument deduction/substitution failed:
[01m[K/rob_prog/planner_wksp/src/simple_planner/src/ImageMap.cpp:30:14:[m[K [01;36m[Knote: [m[K  couldn’t deduce template parameter ‘[01m[K_Traits[m[K’
   30 |     count << [01;36m[Kgrid[m[K << endl;
      |              [01;36m[K^~~~[m[K
In file included from [01m[K/usr/include/c++/9/istream:39[m[K,
                 from [01m[K/usr/include/c++/9/fstream:38[m[K,
                 from [01m[K/rob_prog/planner_wksp/src/simple_planner/src/ImageMap.h:8[m[K,
                 from [01m[K/rob_prog/planner_wksp/src/simple_planner/src/ImageMap.cpp:5[m[K:
[01m[K/usr/include/c++/9/ostream:511:5:[m[K [01;36m[Knote: [m[Kcandidate: ‘[01m[Ktemplate<class _CharT, class _Traits> std::basic_ostream<_CharT, _Traits>& std::operator<<(std::basic_ostream<_CharT, _Traits>&, char)[m[K’
  511 |     [01;36m[Koperator[m[K<<(basic_ostream<_CharT, _Traits>& __out, char __c)
      |     [01;36m[K^~~~~~~~[m[K
[01m[K/usr/include/c++/9/ostream:511:5:[m[K [01;36m[Knote: [m[K  template argument deduction/substitution failed:
[01m[K/rob_prog/planner_wksp/src/simple_planner/src/ImageMap.cpp:30:14:[m[K [01;36m[Knote: [m[K  couldn’t deduce template parameter ‘[01m[K_CharT[m[K’
   30 |     count << [01;36m[Kgrid[m[K << endl;
      |              [01;36m[K^~~~[m[K
In file included from [01m[K/usr/include/c++/9/istream:39[m[K,
                 from [01m[K/usr/include/c++/9/fstream:38[m[K,
                 from [01m[K/rob_prog/planner_wksp/src/simple_planner/src/ImageMap.h:8[m[K,
                 from [01m[K/rob_prog/planner_wksp/src/simple_planner/src/ImageMap.cpp:5[m[K:
[01m[K/usr/include/c++/9/ostream:517:5:[m[K [01;36m[Knote: [m[Kcandidate: ‘[01m[Ktemplate<class _Traits> std::basic_ostream<char, _Traits>& std::operator<<(std::basic_ostream<char, _Traits>&, char)[m[K’
  517 |     [01;36m[Koperator[m[K<<(basic_ostream<char, _Traits>& __out, char __c)
      |     [01;36m[K^~~~~~~~[m[K
[01m[K/usr/include/c++/9/ostream:517:5:[m[K [01;36m[Knote: [m[K  template argument deduction/substitution failed:
[01m[K/rob_prog/planner_wksp/src/simple_planner/src/ImageMap.cpp:30:14:[m[K [01;36m[Knote: [m[K  couldn’t deduce template parameter ‘[01m[K_Traits[m[K’
   30 |     count << [01;36m[Kgrid[m[K << endl;
      |              [01;36m[K^~~~[m[K
In file included from [01m[K/usr/include/c++/9/istream:39[m[K,
                 from [01m[K/usr/include/c++/9/fstream:38[m[K,
                 from [01m[K/rob_prog/planner_wksp/src/simple_planner/src/ImageMap.h:8[m[K,
                 from [01m[K/rob_prog/planner_wksp/src/simple_planner/src/ImageMap.cpp:5[m[K:
[01m[K/usr/include/c++/9/ostream:523:5:[m[K [01;36m[Knote: [m[Kcandidate: ‘[01m[Ktemplate<class _Traits> std::basic_ostream<char, _Traits>& std::operator<<(std::basic_ostream<char, _Traits>&, signed char)[m[K’
  523 |     [01;36m[Koperator[m[K<<(basic_ostream<char, _Traits>& __out, signed char __c)
      |     [01;36m[K^~~~~~~~[m[K
[01m[K/usr/include/c++/9/ostream:523:5:[m[K [01;36m[Knote: [m[K  template argument deduction/substitution failed:
[01m[K/rob_prog/planner_wksp/src/simple_planner/src/ImageMap.cpp:30:14:[m[K [01;36m[Knote: [m[K  couldn’t deduce template parameter ‘[01m[K_Traits[m[K’
   30 |     count << [01;36m[Kgrid[m[K << endl;
      |              [01;36m[K^~~~[m[K
In file included from [01m[K/usr/include/c++/9/istream:39[m[K,
                 from [01m[K/usr/include/c++/9/fstream:38[m[K,
                 from [01m[K/rob_prog/planner_wksp/src/simple_planner/src/ImageMap.h:8[m[K,
                 from [01m[K/rob_prog/planner_wksp/src/simple_planner/src/ImageMap.cpp:5[m[K:
[01m[K/usr/include/c++/9/ostream:528:5:[m[K [01;36m[Knote: [m[Kcandidate: ‘[01m[Ktemplate<class _Traits> std::basic_ostream<char, _Traits>& std::operator<<(std::basic_ostream<char, _Traits>&, unsigned char)[m[K’
  528 |     [01;36m[Koperator[m[K<<(basic_ostream<char, _Traits>& __out, unsigned char __c)
      |     [01;36m[K^~~~~~~~[m[K
[01m[K/usr/include/c++/9/ostream:528:5:[m[K [01;36m[Knote: [m[K  template argument deduction/substitution failed:
[01m[K/rob_prog/planner_wksp/src/simple_planner/src/ImageMap.cpp:30:14:[m[K [01;36m[Knote: [m[K  couldn’t deduce template parameter ‘[01m[K_Traits[m[K’
   30 |     count << [01;36m[Kgrid[m[K << endl;
      |              [01;36m[K^~~~[m[K
In file included from [01m[K/usr/include/c++/9/istream:39[m[K,
                 from [01m[K/usr/include/c++/9/fstream:38[m[K,
                 from [01m[K/rob_prog/planner_wksp/src/simple_planner/src/ImageMap.h:8[m[K,
                 from [01m[K/rob_prog/planner_wksp/src/simple_planner/src/ImageMap.cpp:5[m[K:
[01m[K/usr/include/c++/9/ostream:548:5:[m[K [01;36m[Knote: [m[Kcandidate: ‘[01m[Ktemplate<class _CharT, class _Traits> std::basic_ostream<_CharT, _Traits>& std::operator<<(std::basic_ostream<_CharT, _Traits>&, const _CharT*)[m[K’
  548 |     [01;36m[Koperator[m[K<<(basic_ostream<_CharT, _Traits>& __out, const _CharT* __s)
      |     [01;36m[K^~~~~~~~[m[K
[01m[K/usr/include/c++/9/ostream:548:5:[m[K [01;36m[Knote: [m[K  template argument deduction/substitution failed:
[01m[K/rob_prog/planner_wksp/src/simple_planner/src/ImageMap.cpp:30:14:[m[K [01;36m[Knote: [m[K  mismatched types ‘[01m[Kconst _CharT*[m[K’ and ‘[01m[KEigen::Matrix<int, -1, -1>[m[K’
   30 |     count << [01;36m[Kgrid[m[K << endl;
      |              [01;36m[K^~~~[m[K
In file included from [01m[K/usr/include/c++/9/ostream:702[m[K,
                 from [01m[K/usr/include/c++/9/istream:39[m[K,
                 from [01m[K/usr/include/c++/9/fstream:38[m[K,
                 from [01m[K/rob_prog/planner_wksp/src/simple_planner/src/ImageMap.h:8[m[K,
                 from [01m[K/rob_prog/planner_wksp/src/simple_planner/src/ImageMap.cpp:5[m[K:
[01m[K/usr/include/c++/9/bits/ostream.tcc:321:5:[m[K [01;36m[Knote: [m[Kcandidate: ‘[01m[Ktemplate<class _CharT, class _Traits> std::basic_ostream<_CharT, _Traits>& std::operator<<(std::basic_ostream<_CharT, _Traits>&, const char*)[m[K’
  321 |     [01;36m[Koperator[m[K<<(basic_ostream<_CharT, _Traits>& __out, const char* __s)
      |     [01;36m[K^~~~~~~~[m[K
[01m[K/usr/include/c++/9/bits/ostream.tcc:321:5:[m[K [01;36m[Knote: [m[K  template argument deduction/substitution failed:
[01m[K/rob_prog/planner_wksp/src/simple_planner/src/ImageMap.cpp:30:14:[m[K [01;36m[Knote: [m[K  couldn’t deduce template parameter ‘[01m[K_CharT[m[K’
   30 |     count << [01;36m[Kgrid[m[K << endl;
      |              [01;36m[K^~~~[m[K
In file included from [01m[K/usr/include/c++/9/istream:39[m[K,
                 from [01m[K/usr/include/c++/9/fstream:38[m[K,
                 from [01m[K/rob_prog/planner_wksp/src/simple_planner/src/ImageMap.h:8[m[K,
                 from [01m[K/rob_prog/planner_wksp/src/simple_planner/src/ImageMap.cpp:5[m[K:
[01m[K/usr/include/c++/9/ostream:565:5:[m[K [01;36m[Knote: [m[Kcandidate: ‘[01m[Ktemplate<class _Traits> std::basic_ostream<char, _Traits>& std::operator<<(std::basic_ostream<char, _Traits>&, const char*)[m[K’
  565 |     [01;36m[Koperator[m[K<<(basic_ostream<char, _Traits>& __out, const char* __s)
      |     [01;36m[K^~~~~~~~[m[K
[01m[K/usr/include/c++/9/ostream:565:5:[m[K [01;36m[Knote: [m[K  template argument deduction/substitution failed:
[01m[K/rob_prog/planner_wksp/src/simple_planner/src/ImageMap.cpp:30:14:[m[K [01;36m[Knote: [m[K  couldn’t deduce template parameter ‘[01m[K_Traits[m[K’
   30 |     count << [01;36m[Kgrid[m[K << endl;
      |              [01;36m[K^~~~[m[K
In file included from [01m[K/usr/include/c++/9/istream:39[m[K,
                 from [01m[K/usr/include/c++/9/fstream:38[m[K,
                 from [01m[K/rob_prog/planner_wksp/src/simple_planner/src/ImageMap.h:8[m[K,
                 from [01m[K/rob_prog/planner_wksp/src/simple_planner/src/ImageMap.cpp:5[m[K:
[01m[K/usr/include/c++/9/ostream:578:5:[m[K [01;36m[Knote: [m[Kcandidate: ‘[01m[Ktemplate<class _Traits> std::basic_ostream<char, _Traits>& std::operator<<(std::basic_ostream<char, _Traits>&, const signed char*)[m[K’
  578 |     [01;36m[Koperator[m[K<<(basic_ostream<char, _Traits>& __out, const signed char* __s)
      |     [01;36m[K^~~~~~~~[m[K
[01m[K/usr/include/c++/9/ostream:578:5:[m[K [01;36m[Knote: [m[K  template argument deduction/substitution failed:
[01m[K/rob_prog/planner_wksp/src/simple_planner/src/ImageMap.cpp:30:14:[m[K [01;36m[Knote: [m[K  couldn’t deduce template parameter ‘[01m[K_Traits[m[K’
   30 |     count << [01;36m[Kgrid[m[K << endl;
      |              [01;36m[K^~~~[m[K
In file included from [01m[K/usr/include/c++/9/istream:39[m[K,
                 from [01m[K/usr/include/c++/9/fstream:38[m[K,
                 from [01m[K/rob_prog/planner_wksp/src/simple_planner/src/ImageMap.h:8[m[K,
                 from [01m[K/rob_prog/planner_wksp/src/simple_planner/src/ImageMap.cpp:5[m[K:
[01m[K/usr/include/c++/9/ostream:583:5:[m[K [01;36m[Knote: [m[Kcandidate: ‘[01m[Ktemplate<class _Traits> std::basic_ostream<char, _Traits>& std::operator<<(std::basic_ostream<char, _Traits>&, const unsigned char*)[m[K’
  583 |     [01;36m[Koperator[m[K<<(basic_ostream<char, _Traits>& __out, const unsigned char* __s)
      |     [01;36m[K^~~~~~~~[m[K
[01m[K/usr/include/c++/9/ostream:583:5:[m[K [01;36m[Knote: [m[K  template argument deduction/substitution failed:
[01m[K/rob_prog/planner_wksp/src/simple_planner/src/ImageMap.cpp:30:14:[m[K [01;36m[Knote: [m[K  couldn’t deduce template parameter ‘[01m[K_Traits[m[K’
   30 |     count << [01;36m[Kgrid[m[K << endl;
      |              [01;36m[K^~~~[m[K
In file included from [01m[K/usr/include/c++/9/istream:39[m[K,
                 from [01m[K/usr/include/c++/9/fstream:38[m[K,
                 from [01m[K/rob_prog/planner_wksp/src/simple_planner/src/ImageMap.h:8[m[K,
                 from [01m[K/rob_prog/planner_wksp/src/simple_planner/src/ImageMap.cpp:5[m[K:
[01m[K/usr/include/c++/9/ostream:691:5:[m[K [01;36m[Knote: [m[Kcandidate: ‘[01m[Ktemplate<class _Ostream, class _Tp> typename std::enable_if<std::__and_<std::__not_<std::is_lvalue_reference<_Tp> >, std::__is_convertible_to_basic_ostream<_Ostream>, std::__is_insertable<typename std::__is_convertible_to_basic_ostream<_Tp>::__ostream_type, const _Tp&, void> >::value, typename std::__is_convertible_to_basic_ostream<_Tp>::__ostream_type>::type std::operator<<(_Ostream&&, const _Tp&)[m[K’
  691 |     [01;36m[Koperator[m[K<<(_Ostream&& __os, const _Tp& __x)
      |     [01;36m[K^~~~~~~~[m[K
[01m[K/usr/include/c++/9/ostream:691:5:[m[K [01;36m[Knote: [m[K  template argument deduction/substitution failed:
[01m[K/rob_prog/planner_wksp/src/simple_planner/src/ImageMap.cpp:30:14:[m[K [01;36m[Knote: [m[K  couldn’t deduce template parameter ‘[01m[K_Ostream[m[K’
   30 |     count << [01;36m[Kgrid[m[K << endl;
      |              [01;36m[K^~~~[m[K
In file included from [01m[K/usr/include/eigen3/Eigen/Core:96[m[K,
                 from [01m[K/usr/include/eigen3/Eigen/Dense:1[m[K,
                 from [01m[K/rob_prog/planner_wksp/src/simple_planner/src/ImageMap.h:12[m[K,
                 from [01m[K/rob_prog/planner_wksp/src/simple_planner/src/ImageMap.cpp:5[m[K:
[01m[K/usr/include/c++/9/complex:552:5:[m[K [01;36m[Knote: [m[Kcandidate: ‘[01m[Ktemplate<class _Tp, class _CharT, class _Traits> std::basic_ostream<_CharT, _Traits>& std::operator<<(std::basic_ostream<_CharT, _Traits>&, const std::complex<_Tp>&)[m[K’
  552 |     [01;36m[Koperator[m[K<<(basic_ostream<_CharT, _Traits>& __os, const complex<_Tp>& __x)
      |     [01;36m[K^~~~~~~~[m[K
[01m[K/usr/include/c++/9/complex:552:5:[m[K [01;36m[Knote: [m[K  template argument deduction/substitution failed:
[01m[K/rob_prog/planner_wksp/src/simple_planner/src/ImageMap.cpp:30:14:[m[K [01;36m[Knote: [m[K  ‘[01m[KEigen::MatrixXi[m[K’ {aka ‘[01m[KEigen::Matrix<int, -1, -1>[m[K’} is not derived from ‘[01m[Kconst std::complex<_Tp>[m[K’
   30 |     count << [01;36m[Kgrid[m[K << endl;
      |              [01;36m[K^~~~[m[K
In file included from [01m[K/usr/include/boost/math/policies/error_handling.hpp:12[m[K,
                 from [01m[K/usr/include/boost/math/special_functions/round.hpp:14[m[K,
                 from [01m[K/opt/ros/noetic/include/ros/time.h:58[m[K,
                 from [01m[K/opt/ros/noetic/include/ros/ros.h:38[m[K,
                 from [01m[K/rob_prog/planner_wksp/src/simple_planner/src/ImageMap.h:14[m[K,
                 from [01m[K/rob_prog/planner_wksp/src/simple_planner/src/ImageMap.cpp:5[m[K:
[01m[K/usr/include/c++/9/iomanip:79:5:[m[K [01;36m[Knote: [m[Kcandidate: ‘[01m[Ktemplate<class _CharT, class _Traits> std::basic_ostream<_CharT, _Traits>& std::operator<<(std::basic_ostream<_CharT, _Traits>&, std::_Resetiosflags)[m[K’
   79 |     [01;36m[Koperator[m[K<<(basic_ostream<_CharT, _Traits>& __os, _Resetiosflags __f)
      |     [01;36m[K^~~~~~~~[m[K
[01m[K/usr/include/c++/9/iomanip:79:5:[m[K [01;36m[Knote: [m[K  template argument deduction/substitution failed:
[01m[K/rob_prog/planner_wksp/src/simple_planner/src/ImageMap.cpp:30:14:[m[K [01;36m[Knote: [m[K  couldn’t deduce template parameter ‘[01m[K_CharT[m[K’
   30 |     count << [01;36m[Kgrid[m[K << endl;
      |              [01;36m[K^~~~[m[K
In file included from [01m[K/usr/include/boost/math/policies/error_handling.hpp:12[m[K,
                 from [01m[K/usr/include/boost/math/special_functions/round.hpp:14[m[K,
                 from [01m[K/opt/ros/noetic/include/ros/time.h:58[m[K,
                 from [01m[K/opt/ros/noetic/include/ros/ros.h:38[m[K,
                 from [01m[K/rob_prog/planner_wksp/src/simple_planner/src/ImageMap.h:14[m[K,
                 from [01m[K/rob_prog/planner_wksp/src/simple_planner/src/ImageMap.cpp:5[m[K:
[01m[K/usr/include/c++/9/iomanip:109:5:[m[K [01;36m[Knote: [m[Kcandidate: ‘[01m[Ktemplate<class _CharT, class _Traits> std::basic_ostream<_CharT, _Traits>& std::operator<<(std::basic_ostream<_CharT, _Traits>&, std::_Setiosflags)[m[K’
  109 |     [01;36m[Koperator[m[K<<(basic_ostream<_CharT, _Traits>& __os, _Setiosflags __f)
      |     [01;36m[K^~~~~~~~[m[K
[01m[K/usr/include/c++/9/iomanip:109:5:[m[K [01;36m[Knote: [m[K  template argument deduction/substitution failed:
[01m[K/rob_prog/planner_wksp/src/simple_planner/src/ImageMap.cpp:30:14:[m[K [01;36m[Knote: [m[K  couldn’t deduce template parameter ‘[01m[K_CharT[m[K’
   30 |     count << [01;36m[Kgrid[m[K << endl;
      |              [01;36m[K^~~~[m[K
In file included from [01m[K/usr/include/boost/math/policies/error_handling.hpp:12[m[K,
                 from [01m[K/usr/include/boost/math/special_functions/round.hpp:14[m[K,
                 from [01m[K/opt/ros/noetic/include/ros/time.h:58[m[K,
                 from [01m[K/opt/ros/noetic/include/ros/ros.h:38[m[K,
                 from [01m[K/rob_prog/planner_wksp/src/simple_planner/src/ImageMap.h:14[m[K,
                 from [01m[K/rob_prog/planner_wksp/src/simple_planner/src/ImageMap.cpp:5[m[K:
[01m[K/usr/include/c++/9/iomanip:143:5:[m[K [01;36m[Knote: [m[Kcandidate: ‘[01m[Ktemplate<class _CharT, class _Traits> std::basic_ostream<_CharT, _Traits>& std::operator<<(std::basic_ostream<_CharT, _Traits>&, std::_Setbase)[m[K’
  143 |     [01;36m[Koperator[m[K<<(basic_ostream<_CharT, _Traits>& __os, _Setbase __f)
      |     [01;36m[K^~~~~~~~[m[K
[01m[K/usr/include/c++/9/iomanip:143:5:[m[K [01;36m[Knote: [m[K  template argument deduction/substitution failed:
[01m[K/rob_prog/planner_wksp/src/simple_planner/src/ImageMap.cpp:30:14:[m[K [01;36m[Knote: [m[K  couldn’t deduce template parameter ‘[01m[K_CharT[m[K’
   30 |     count << [01;36m[Kgrid[m[K << endl;
      |              [01;36m[K^~~~[m[K
In file included from [01m[K/usr/include/boost/math/policies/error_handling.hpp:12[m[K,
                 from [01m[K/usr/include/boost/math/special_functions/round.hpp:14[m[K,
                 from [01m[K/opt/ros/noetic/include/ros/time.h:58[m[K,
                 from [01m[K/opt/ros/noetic/include/ros/ros.h:38[m[K,
                 from [01m[K/rob_prog/planner_wksp/src/simple_planner/src/ImageMap.h:14[m[K,
                 from [01m[K/rob_prog/planner_wksp/src/simple_planner/src/ImageMap.cpp:5[m[K:
[01m[K/usr/include/c++/9/iomanip:178:5:[m[K [01;36m[Knote: [m[Kcandidate: ‘[01m[Ktemplate<class _CharT, class _Traits> std::basic_ostream<_CharT, _Traits>& std::operator<<(std::basic_ostream<_CharT, _Traits>&, std::_Setfill<_CharT>)[m[K’
  178 |     [01;36m[Koperator[m[K<<(basic_ostream<_CharT, _Traits>& __os, _Setfill<_CharT> __f)
      |     [01;36m[K^~~~~~~~[m[K
[01m[K/usr/include/c++/9/iomanip:178:5:[m[K [01;36m[Knote: [m[K  template argument deduction/substitution failed:
[01m[K/rob_prog/planner_wksp/src/simple_planner/src/ImageMap.cpp:30:14:[m[K [01;36m[Knote: [m[K  ‘[01m[KEigen::Matrix<int, -1, -1>[m[K’ is not derived from ‘[01m[Kstd::_Setfill<_CharT>[m[K’
   30 |     count << [01;36m[Kgrid[m[K << endl;
      |              [01;36m[K^~~~[m[K
In file included from [01m[K/usr/include/boost/math/policies/error_handling.hpp:12[m[K,
                 from [01m[K/usr/include/boost/math/special_functions/round.hpp:14[m[K,
                 from [01m[K/opt/ros/noetic/include/ros/time.h:58[m[K,
                 from [01m[K/opt/ros/noetic/include/ros/ros.h:38[m[K,
                 from [01m[K/rob_prog/planner_wksp/src/simple_planner/src/ImageMap.h:14[m[K,
                 from [01m[K/rob_prog/planner_wksp/src/simple_planner/src/ImageMap.cpp:5[m[K:
[01m[K/usr/include/c++/9/iomanip:208:5:[m[K [01;36m[Knote: [m[Kcandidate: ‘[01m[Ktemplate<class _CharT, class _Traits> std::basic_ostream<_CharT, _Traits>& std::operator<<(std::basic_ostream<_CharT, _Traits>&, std::_Setprecision)[m[K’
  208 |     [01;36m[Koperator[m[K<<(basic_ostream<_CharT, _Traits>& __os, _Setprecision __f)
      |     [01;36m[K^~~~~~~~[m[K
[01m[K/usr/include/c++/9/iomanip:208:5:[m[K [01;36m[Knote: [m[K  template argument deduction/substitution failed:
[01m[K/rob_prog/planner_wksp/src/simple_planner/src/ImageMap.cpp:30:14:[m[K [01;36m[Knote: [m[K  couldn’t deduce template parameter ‘[01m[K_CharT[m[K’
   30 |     count << [01;36m[Kgrid[m[K << endl;
      |              [01;36m[K^~~~[m[K
In file included from [01m[K/usr/include/boost/math/policies/error_handling.hpp:12[m[K,
                 from [01m[K/usr/include/boost/math/special_functions/round.hpp:14[m[K,
                 from [01m[K/opt/ros/noetic/include/ros/time.h:58[m[K,
                 from [01m[K/opt/ros/noetic/include/ros/ros.h:38[m[K,
                 from [01m[K/rob_prog/planner_wksp/src/simple_planner/src/ImageMap.h:14[m[K,
                 from [01m[K/rob_prog/planner_wksp/src/simple_planner/src/ImageMap.cpp:5[m[K:
[01m[K/usr/include/c++/9/iomanip:238:5:[m[K [01;36m[Knote: [m[Kcandidate: ‘[01m[Ktemplate<class _CharT, class _Traits> std::basic_ostream<_CharT, _Traits>& std::operator<<(std::basic_ostream<_CharT, _Traits>&, std::_Setw)[m[K’
  238 |     [01;36m[Koperator[m[K<<(basic_ostream<_CharT, _Traits>& __os, _Setw __f)
      |     [01;36m[K^~~~~~~~[m[K
[01m[K/usr/include/c++/9/iomanip:238:5:[m[K [01;36m[Knote: [m[K  template argument deduction/substitution failed:
[01m[K/rob_prog/planner_wksp/src/simple_planner/src/ImageMap.cpp:30:14:[m[K [01;36m[Knote: [m[K  couldn’t deduce template parameter ‘[01m[K_CharT[m[K’
   30 |     count << [01;36m[Kgrid[m[K << endl;
      |              [01;36m[K^~~~[m[K
In file included from [01m[K/usr/include/boost/math/policies/error_handling.hpp:12[m[K,
                 from [01m[K/usr/include/boost/math/special_functions/round.hpp:14[m[K,
                 from [01m[K/opt/ros/noetic/include/ros/time.h:58[m[K,
                 from [01m[K/opt/ros/noetic/include/ros/ros.h:38[m[K,
                 from [01m[K/rob_prog/planner_wksp/src/simple_planner/src/ImageMap.h:14[m[K,
                 from [01m[K/rob_prog/planner_wksp/src/simple_planner/src/ImageMap.cpp:5[m[K:
[01m[K/usr/include/c++/9/iomanip:311:5:[m[K [01;36m[Knote: [m[Kcandidate: ‘[01m[Ktemplate<class _CharT, class _Traits, class _MoneyT> std::basic_ostream<_CharT, _Traits>& std::operator<<(std::basic_ostream<_CharT, _Traits>&, std::_Put_money<_MoneyT>)[m[K’
  311 |     [01;36m[Koperator[m[K<<(basic_ostream<_CharT, _Traits>& __os, _Put_money<_MoneyT> __f)
      |     [01;36m[K^~~~~~~~[m[K
[01m[K/usr/include/c++/9/iomanip:311:5:[m[K [01;36m[Knote: [m[K  template argument deduction/substitution failed:
[01m[K/rob_prog/planner_wksp/src/simple_planner/src/ImageMap.cpp:30:14:[m[K [01;36m[Knote: [m[K  ‘[01m[KEigen::Matrix<int, -1, -1>[m[K’ is not derived from ‘[01m[Kstd::_Put_money<_MoneyT>[m[K’
   30 |     count << [01;36m[Kgrid[m[K << endl;
      |              [01;36m[K^~~~[m[K
In file included from [01m[K/usr/include/boost/math/policies/error_handling.hpp:12[m[K,
                 from [01m[K/usr/include/boost/math/special_functions/round.hpp:14[m[K,
                 from [01m[K/opt/ros/noetic/include/ros/time.h:58[m[K,
                 from [01m[K/opt/ros/noetic/include/ros/ros.h:38[m[K,
                 from [01m[K/rob_prog/planner_wksp/src/simple_planner/src/ImageMap.h:14[m[K,
                 from [01m[K/rob_prog/planner_wksp/src/simple_planner/src/ImageMap.cpp:5[m[K:
[01m[K/usr/include/c++/9/iomanip:363:5:[m[K [01;36m[Knote: [m[Kcandidate: ‘[01m[Ktemplate<class _CharT, class _Traits> std::basic_ostream<_CharT, _Traits>& std::operator<<(std::basic_ostream<_CharT, _Traits>&, std::_Put_time<_CharT>)[m[K’
  363 |     [01;36m[Koperator[m[K<<(basic_ostream<_CharT, _Traits>& __os, _Put_time<_CharT> __f)
      |     [01;36m[K^~~~~~~~[m[K
[01m[K/usr/include/c++/9/iomanip:363:5:[m[K [01;36m[Knote: [m[K  template argument deduction/substitution failed:
[01m[K/rob_prog/planner_wksp/src/simple_planner/src/ImageMap.cpp:30:14:[m[K [01;36m[Knote: [m[K  ‘[01m[KEigen::Matrix<int, -1, -1>[m[K’ is not derived from ‘[01m[Kstd::_Put_time<_CharT>[m[K’
   30 |     count << [01;36m[Kgrid[m[K << endl;
      |              [01;36m[K^~~~[m[K
In file included from [01m[K/usr/include/c++/9/memory:81[m[K,
                 from [01m[K/usr/include/boost/config/no_tr1/memory.hpp:21[m[K,
                 from [01m[K/usr/include/boost/smart_ptr/shared_ptr.hpp:23[m[K,
                 from [01m[K/usr/include/boost/shared_ptr.hpp:17[m[K,
                 from [01m[K/opt/ros/noetic/include/ros/forwards.h:37[m[K,
                 from [01m[K/opt/ros/noetic/include/ros/common.h:37[m[K,
                 from [01m[K/opt/ros/noetic/include/ros/ros.h:43[m[K,
                 from [01m[K/rob_prog/planner_wksp/src/simple_planner/src/ImageMap.h:14[m[K,
                 from [01m[K/rob_prog/planner_wksp/src/simple_planner/src/ImageMap.cpp:5[m[K:
[01m[K/usr/include/c++/9/bits/shared_ptr.h:66:5:[m[K [01;36m[Knote: [m[Kcandidate: ‘[01m[Ktemplate<class _Ch, class _Tr, class _Tp, __gnu_cxx::_Lock_policy _Lp> std::basic_ostream<_CharT, _Traits>& std::operator<<(std::basic_ostream<_CharT, _Traits>&, const std::__shared_ptr<_Tp, _Lp>&)[m[K’
   66 |     [01;36m[Koperator[m[K<<(std::basic_ostream<_Ch, _Tr>& __os,
      |     [01;36m[K^~~~~~~~[m[K
[01m[K/usr/include/c++/9/bits/shared_ptr.h:66:5:[m[K [01;36m[Knote: [m[K  template argument deduction/substitution failed:
[01m[K/rob_prog/planner_wksp/src/simple_planner/src/ImageMap.cpp:30:14:[m[K [01;36m[Knote: [m[K  ‘[01m[KEigen::MatrixXi[m[K’ {aka ‘[01m[KEigen::Matrix<int, -1, -1>[m[K’} is not derived from ‘[01m[Kconst std::__shared_ptr<_Tp, _Lp>[m[K’
   30 |     count << [01;36m[Kgrid[m[K << endl;
      |              [01;36m[K^~~~[m[K
In file included from [01m[K/usr/include/eigen3/Eigen/Core:433[m[K,
                 from [01m[K/usr/include/eigen3/Eigen/Dense:1[m[K,
                 from [01m[K/rob_prog/planner_wksp/src/simple_planner/src/ImageMap.h:12[m[K,
                 from [01m[K/rob_prog/planner_wksp/src/simple_planner/src/ImageMap.cpp:5[m[K:
[01m[K/usr/include/eigen3/Eigen/src/Core/IO.h:216:16:[m[K [01;36m[Knote: [m[Kcandidate: ‘[01m[Ktemplate<class Derived> std::ostream& Eigen::operator<<(std::ostream&, const Eigen::DenseBase<Derived>&)[m[K’
  216 | std::ostream & [01;36m[Koperator[m[K <<
      |                [01;36m[K^~~~~~~~[m[K
[01m[K/usr/include/eigen3/Eigen/src/Core/IO.h:216:16:[m[K [01;36m[Knote: [m[K  template argument deduction/substitution failed:
[01m[K/rob_prog/planner_wksp/src/simple_planner/src/ImageMap.cpp:30:14:[m[K [01;36m[Knote: [m[K  cannot convert ‘[01m[Kstd::count[m[K’ (type ‘[01m[K<unresolved overloaded function type>[m[K’) to type ‘[01m[Kstd::ostream&[m[K’ {aka ‘[01m[Kstd::basic_ostream<char>&[m[K’}
   30 |     count << [01;36m[Kgrid[m[K << endl;
      |              [01;36m[K^~~~[m[K
[01m[K/rob_prog/planner_wksp/src/simple_planner/src/ImageMap.cpp:[m[K In constructor ‘[01m[KImageMap::ImageMap()[m[K’:
[01m[K/rob_prog/planner_wksp/src/simple_planner/src/ImageMap.cpp:37:84:[m[K [01;31m[Kerror: [m[Kinvalid use of non-static member function ‘[01m[Kvoid ImageMap::retrieveMapMetadata(const ConstPtr&)[m[K’
   37 |     ros::Subscriber map_metadata_sub = n.subscribe("map_metadata", 1000, [01;31m[KImageMap::retrieveMapMetadata[m[K);
      |                                                                          [01;31m[K~~~~~~~~~~^~~~~~~~~~~~~~~~~~~[m[K
[01m[K/rob_prog/planner_wksp/src/simple_planner/src/ImageMap.cpp:9:6:[m[K [01;36m[Knote: [m[Kdeclared here
    9 | void [01;36m[KImageMap[m[K::retrieveMapMetadata(const nav_msgs::MapMetaData::ConstPtr &msg) {
      |      [01;36m[K^~~~~~~~[m[K
[01m[K/rob_prog/planner_wksp/src/simple_planner/src/ImageMap.cpp:38:71:[m[K [01;31m[Kerror: [m[Kinvalid use of non-static member function ‘[01m[Kvoid ImageMap::fillMap(const ConstPtr&)[m[K’
   38 |     ros::Subscriber map_data_sub = n.subscribe("map", 1000, [01;31m[KImageMap::fillMap[m[K);
      |                                                             [01;31m[K~~~~~~~~~~^~~~~~~[m[K
[01m[K/rob_prog/planner_wksp/src/simple_planner/src/ImageMap.cpp:18:6:[m[K [01;36m[Knote: [m[Kdeclared here
   18 | void [01;36m[KImageMap[m[K::fillMap(const nav_msgs::OccupancyGrid::ConstPtr &msg) {
      |      [01;36m[K^~~~~~~~[m[K
make[2]: *** [CMakeFiles/planner_internal.dir/build.make:63: CMakeFiles/planner_internal.dir/src/ImageMap.cpp.o] Error 1
make[1]: *** [CMakeFiles/Makefile2:670: CMakeFiles/planner_internal.dir/all] Error 2
make: *** [Makefile:141: all] Error 2
