[01m[K/rob_prog/planner_wksp/src/simple_planner/src/UniformCostSearch.cpp:11:17:[m[K [01;31m[Kerror: [m[Kno declaration matches ‘[01m[KEigen::MatrixXf UniformCostSearch::computeRowDerivative(Eigen::MatrixXi) const[m[K’
   11 | Eigen::MatrixXf [01;31m[KUniformCostSearch[m[K::computeRowDerivative(Eigen::MatrixXi map) const {
      |                 [01;31m[K^~~~~~~~~~~~~~~~~[m[K
In file included from [01m[K/rob_prog/planner_wksp/src/simple_planner/src/UniformCostSearch.cpp:5[m[K:
[01m[K/rob_prog/planner_wksp/src/simple_planner/src/UniformCostSearch.h:21:21:[m[K [01;36m[Knote: [m[Kcandidate is: ‘[01m[KEigen::MatrixXi UniformCostSearch::computeRowDerivative(Eigen::MatrixXi) const[m[K’
   21 |     Eigen::MatrixXi [01;36m[KcomputeRowDerivative[m[K(Eigen::MatrixXi map) const;
      |                     [01;36m[K^~~~~~~~~~~~~~~~~~~~[m[K
[01m[K/rob_prog/planner_wksp/src/simple_planner/src/UniformCostSearch.h:12:7:[m[K [01;36m[Knote: [m[K‘[01m[Kclass UniformCostSearch[m[K’ defined here
   12 | class [01;36m[KUniformCostSearch[m[K {
      |       [01;36m[K^~~~~~~~~~~~~~~~~[m[K
[01m[K/rob_prog/planner_wksp/src/simple_planner/src/UniformCostSearch.cpp:26:17:[m[K [01;31m[Kerror: [m[Kno declaration matches ‘[01m[KEigen::MatrixXf UniformCostSearch::computeColumnDerivative(Eigen::MatrixXi) const[m[K’
   26 | Eigen::MatrixXf [01;31m[KUniformCostSearch[m[K::computeColumnDerivative(Eigen::MatrixXi map) const {
      |                 [01;31m[K^~~~~~~~~~~~~~~~~[m[K
In file included from [01m[K/rob_prog/planner_wksp/src/simple_planner/src/UniformCostSearch.cpp:5[m[K:
[01m[K/rob_prog/planner_wksp/src/simple_planner/src/UniformCostSearch.h:22:21:[m[K [01;36m[Knote: [m[Kcandidate is: ‘[01m[KEigen::MatrixXi UniformCostSearch::computeColumnDerivative(Eigen::MatrixXi) const[m[K’
   22 |     Eigen::MatrixXi [01;36m[KcomputeColumnDerivative[m[K(Eigen::MatrixXi map) const;
      |                     [01;36m[K^~~~~~~~~~~~~~~~~~~~~~~[m[K
[01m[K/rob_prog/planner_wksp/src/simple_planner/src/UniformCostSearch.h:12:7:[m[K [01;36m[Knote: [m[K‘[01m[Kclass UniformCostSearch[m[K’ defined here
   12 | class [01;36m[KUniformCostSearch[m[K {
      |       [01;36m[K^~~~~~~~~~~~~~~~~[m[K
[01m[K/rob_prog/planner_wksp/src/simple_planner/src/UniformCostSearch.cpp:41:17:[m[K [01;31m[Kerror: [m[Kno declaration matches ‘[01m[KEigen::MatrixXf UniformCostSearch::computeMagnitudeDerivative(Eigen::MatrixXi) const[m[K’
   41 | Eigen::MatrixXf [01;31m[KUniformCostSearch[m[K::computeMagnitudeDerivative(Eigen::MatrixXi map) const {
      |                 [01;31m[K^~~~~~~~~~~~~~~~~[m[K
In file included from [01m[K/rob_prog/planner_wksp/src/simple_planner/src/UniformCostSearch.cpp:5[m[K:
[01m[K/rob_prog/planner_wksp/src/simple_planner/src/UniformCostSearch.h:20:21:[m[K [01;36m[Knote: [m[Kcandidate is: ‘[01m[KEigen::MatrixXi UniformCostSearch::computeMagnitudeDerivative(Eigen::MatrixXi) const[m[K’
   20 |     Eigen::MatrixXi [01;36m[KcomputeMagnitudeDerivative[m[K(Eigen::MatrixXi map) const;
      |                     [01;36m[K^~~~~~~~~~~~~~~~~~~~~~~~~~[m[K
[01m[K/rob_prog/planner_wksp/src/simple_planner/src/UniformCostSearch.h:12:7:[m[K [01;36m[Knote: [m[K‘[01m[Kclass UniformCostSearch[m[K’ defined here
   12 | class [01;36m[KUniformCostSearch[m[K {
      |       [01;36m[K^~~~~~~~~~~~~~~~~[m[K
make[2]: *** [CMakeFiles/planner_internal.dir/build.make:102: CMakeFiles/planner_internal.dir/src/UniformCostSearch.cpp.o] Error 1
make[1]: *** [CMakeFiles/Makefile2:670: CMakeFiles/planner_internal.dir/all] Error 2
make: *** [Makefile:141: all] Error 2
