[01m[K/rob_prog/planner_wksp/src/simple_planner/src/planner_main.cpp:[m[K In function ‘[01m[Kvoid onPosesReceived(geometry_msgs::Pose, geometry_msgs::Pose)[m[K’:
[01m[K/rob_prog/planner_wksp/src/simple_planner/src/planner_main.cpp:21:38:[m[K [01;31m[Kerror: [m[Kno matching function for call to ‘[01m[KRobotDisplayer::RobotDisplayer(geometry_msgs::Pose&)[m[K’
   21 |     RobotDisplayer displayer(initPose[01;31m[K)[m[K;
      |                                      [01;31m[K^[m[K
In file included from [01m[K/rob_prog/planner_wksp/src/simple_planner/src/planner_main.cpp:4[m[K:
[01m[K/rob_prog/planner_wksp/src/simple_planner/src/RobotDisplayer.h:13:7:[m[K [01;36m[Knote: [m[Kcandidate: ‘[01m[Kconstexpr RobotDisplayer::RobotDisplayer()[m[K’
   13 | class [01;36m[KRobotDisplayer[m[K {
      |       [01;36m[K^~~~~~~~~~~~~~[m[K
[01m[K/rob_prog/planner_wksp/src/simple_planner/src/RobotDisplayer.h:13:7:[m[K [01;36m[Knote: [m[K  candidate expects 0 arguments, 1 provided
[01m[K/rob_prog/planner_wksp/src/simple_planner/src/RobotDisplayer.h:13:7:[m[K [01;36m[Knote: [m[Kcandidate: ‘[01m[Kconstexpr RobotDisplayer::RobotDisplayer(const RobotDisplayer&)[m[K’
[01m[K/rob_prog/planner_wksp/src/simple_planner/src/RobotDisplayer.h:13:7:[m[K [01;36m[Knote: [m[K  no known conversion for argument 1 from ‘[01m[Kgeometry_msgs::Pose[m[K’ {aka ‘[01m[Kgeometry_msgs::Pose_<std::allocator<void> >[m[K’} to ‘[01m[Kconst RobotDisplayer&[m[K’
[01m[K/rob_prog/planner_wksp/src/simple_planner/src/RobotDisplayer.h:13:7:[m[K [01;36m[Knote: [m[Kcandidate: ‘[01m[Kconstexpr RobotDisplayer::RobotDisplayer(RobotDisplayer&&)[m[K’
[01m[K/rob_prog/planner_wksp/src/simple_planner/src/RobotDisplayer.h:13:7:[m[K [01;36m[Knote: [m[K  no known conversion for argument 1 from ‘[01m[Kgeometry_msgs::Pose[m[K’ {aka ‘[01m[Kgeometry_msgs::Pose_<std::allocator<void> >[m[K’} to ‘[01m[KRobotDisplayer&&[m[K’
[01m[K/rob_prog/planner_wksp/src/simple_planner/src/planner_main.cpp:22:28:[m[K [01;31m[Kerror: [m[Kno matching function for call to ‘[01m[KRobotDisplayer::displayOnMap()[m[K’
   22 |     displayer.displayOnMap([01;31m[K)[m[K;
      |                            [01;31m[K^[m[K
In file included from [01m[K/rob_prog/planner_wksp/src/simple_planner/src/planner_main.cpp:4[m[K:
[01m[K/rob_prog/planner_wksp/src/simple_planner/src/RobotDisplayer.h:15:17:[m[K [01;36m[Knote: [m[Kcandidate: ‘[01m[Kstatic void RobotDisplayer::displayOnMap(geometry_msgs::Pose)[m[K’
   15 |     static void [01;36m[KdisplayOnMap[m[K(geometry_msgs::Pose initialPose);
      |                 [01;36m[K^~~~~~~~~~~~[m[K
[01m[K/rob_prog/planner_wksp/src/simple_planner/src/RobotDisplayer.h:15:17:[m[K [01;36m[Knote: [m[K  candidate expects 1 argument, 0 provided
make[2]: *** [CMakeFiles/simple_planner_node.dir/build.make:63: CMakeFiles/simple_planner_node.dir/src/planner_main.cpp.o] Error 1
make[1]: *** [CMakeFiles/Makefile2:508: CMakeFiles/simple_planner_node.dir/all] Error 2
make: *** [Makefile:141: all] Error 2
