In file included from [01m[K/rob_prog/planner_wksp/src/simple_planner/src/ImageMap.cpp:5[m[K:
[01m[K/rob_prog/planner_wksp/src/simple_planner/src/ImageMap.h:31:12:[m[K [01;31m[Kerror: [m[Kexpected ‘[01m[K:[m[K’ before ‘[01m[Kvoid[m[K’
   31 |     private[01;31m[K [m[K[32m[Kvoid[m[K ImageMap::retrieveMapMetadata(const nav_msgs::MapMetaData::ConstPtr &msg);
      |            [01;31m[K^[m[K[32m[K~~~~[m[K
      |            [32m[K:[m[K
[01m[K/rob_prog/planner_wksp/src/simple_planner/src/ImageMap.h:31:18:[m[K [01;31m[Kerror: [m[Kextra qualification ‘[01m[KImageMap::[m[K’ on member ‘[01m[KretrieveMapMetadata[m[K’ [[01;31m[K-fpermissive[m[K]
   31 |     private void [01;31m[KImageMap[m[K::retrieveMapMetadata(const nav_msgs::MapMetaData::ConstPtr &msg);
      |                  [01;31m[K^~~~~~~~[m[K
[01m[K/rob_prog/planner_wksp/src/simple_planner/src/ImageMap.h:32:12:[m[K [01;31m[Kerror: [m[Kexpected ‘[01m[K:[m[K’ before ‘[01m[Kvoid[m[K’
   32 |     private[01;31m[K [m[K[32m[Kvoid[m[K ImageMap::fillMap(const nav_msgs::OccupancyGrid::ConstPtr &msg);
      |            [01;31m[K^[m[K[32m[K~~~~[m[K
      |            [32m[K:[m[K
[01m[K/rob_prog/planner_wksp/src/simple_planner/src/ImageMap.h:32:18:[m[K [01;31m[Kerror: [m[Kextra qualification ‘[01m[KImageMap::[m[K’ on member ‘[01m[KfillMap[m[K’ [[01;31m[K-fpermissive[m[K]
   32 |     private void [01;31m[KImageMap[m[K::fillMap(const nav_msgs::OccupancyGrid::ConstPtr &msg);
      |                  [01;31m[K^~~~~~~~[m[K
[01m[K/rob_prog/planner_wksp/src/simple_planner/src/ImageMap.cpp:7:7:[m[K [01;31m[Kerror: [m[Kexpected nested-name-specifier before ‘[01m[Knamespace[m[K’
    7 | using [01;31m[Knamespace[m[K std;
      |       [01;31m[K^~~~~~~~~[m[K
[01m[K/rob_prog/planner_wksp/src/simple_planner/src/ImageMap.cpp:9:6:[m[K [01;31m[Kerror: [m[Kextra qualification ‘[01m[KImageMap::[m[K’ on member ‘[01m[KretrieveMapMetadata[m[K’ [[01;31m[K-fpermissive[m[K]
    9 | void [01;31m[KImageMap[m[K::retrieveMapMetadata(const nav_msgs::MapMetaData::ConstPtr &msg) {
      |      [01;31m[K^~~~~~~~[m[K
[01m[K/rob_prog/planner_wksp/src/simple_planner/src/ImageMap.cpp:9:6:[m[K [01;31m[Kerror: [m[K‘[01m[Kvoid ImageMap::retrieveMapMetadata(const ConstPtr&)[m[K’ cannot be overloaded with ‘[01m[Kvoid ImageMap::retrieveMapMetadata(const ConstPtr&)[m[K’
In file included from [01m[K/rob_prog/planner_wksp/src/simple_planner/src/ImageMap.cpp:5[m[K:
[01m[K/rob_prog/planner_wksp/src/simple_planner/src/ImageMap.h:31:18:[m[K [01;36m[Knote: [m[Kprevious declaration ‘[01m[Kvoid ImageMap::retrieveMapMetadata(const ConstPtr&)[m[K’
   31 |     private void [01;36m[KImageMap[m[K::retrieveMapMetadata(const nav_msgs::MapMetaData::ConstPtr &msg);
      |                  [01;36m[K^~~~~~~~[m[K
[01m[K/rob_prog/planner_wksp/src/simple_planner/src/ImageMap.cpp:18:6:[m[K [01;31m[Kerror: [m[Kextra qualification ‘[01m[KImageMap::[m[K’ on member ‘[01m[KfillMap[m[K’ [[01;31m[K-fpermissive[m[K]
   18 | void [01;31m[KImageMap[m[K::fillMap(const nav_msgs::OccupancyGrid::ConstPtr &msg) {
      |      [01;31m[K^~~~~~~~[m[K
[01m[K/rob_prog/planner_wksp/src/simple_planner/src/ImageMap.cpp:18:6:[m[K [01;31m[Kerror: [m[K‘[01m[Kvoid ImageMap::fillMap(const ConstPtr&)[m[K’ cannot be overloaded with ‘[01m[Kvoid ImageMap::fillMap(const ConstPtr&)[m[K’
In file included from [01m[K/rob_prog/planner_wksp/src/simple_planner/src/ImageMap.cpp:5[m[K:
[01m[K/rob_prog/planner_wksp/src/simple_planner/src/ImageMap.h:32:18:[m[K [01;36m[Knote: [m[Kprevious declaration ‘[01m[Kvoid ImageMap::fillMap(const ConstPtr&)[m[K’
   32 |     private void [01;36m[KImageMap[m[K::fillMap(const nav_msgs::OccupancyGrid::ConstPtr &msg);
      |                  [01;36m[K^~~~~~~~[m[K
[01m[K/rob_prog/planner_wksp/src/simple_planner/src/ImageMap.cpp:33:1:[m[K [01;31m[Kerror: [m[Kextra qualification ‘[01m[KImageMap::[m[K’ on member ‘[01m[KImageMap[m[K’ [[01;31m[K-fpermissive[m[K]
   33 | [01;31m[KImageMap[m[K::ImageMap() {
      | [01;31m[K^~~~~~~~[m[K
[01m[K/rob_prog/planner_wksp/src/simple_planner/src/ImageMap.cpp:33:1:[m[K [01;31m[Kerror: [m[K‘[01m[KImageMap::ImageMap()[m[K’ cannot be overloaded with ‘[01m[KImageMap::ImageMap()[m[K’
In file included from [01m[K/rob_prog/planner_wksp/src/simple_planner/src/ImageMap.cpp:5[m[K:
[01m[K/rob_prog/planner_wksp/src/simple_planner/src/ImageMap.h:20:18:[m[K [01;36m[Knote: [m[Kprevious declaration ‘[01m[KImageMap::ImageMap()[m[K’
   20 |         explicit [01;36m[KImageMap[m[K();
      |                  [01;36m[K^~~~~~~~[m[K
[01m[K/rob_prog/planner_wksp/src/simple_planner/src/ImageMap.cpp:42:1:[m[K [01;31m[Kerror: [m[Kexpected ‘[01m[K}[m[K’ at end of input
   42 | [01;31m[K}[m[K
      | [01;31m[K^[m[K
In file included from [01m[K/rob_prog/planner_wksp/src/simple_planner/src/ImageMap.cpp:5[m[K:
[01m[K/rob_prog/planner_wksp/src/simple_planner/src/ImageMap.h:18:16:[m[K [01;36m[Knote: [m[Kto match this ‘[01m[K{[m[K’
   18 | class ImageMap [01;36m[K{[m[K
      |                [01;36m[K^[m[K
[01m[K/rob_prog/planner_wksp/src/simple_planner/src/ImageMap.cpp:[m[K In member function ‘[01m[Kvoid ImageMap::retrieveMapMetadata(const ConstPtr&)[m[K’:
[01m[K/rob_prog/planner_wksp/src/simple_planner/src/ImageMap.cpp:10:5:[m[K [01;31m[Kerror: [m[K‘[01m[Kcout[m[K’ was not declared in this scope; did you mean ‘[01m[Kstd::cout[m[K’?
   10 |     [01;31m[Kcout[m[K << "I heard: " << msg->width << endl;
      |     [01;31m[K^~~~[m[K
      |     [32m[Kstd::cout[m[K
In file included from [01m[K/rob_prog/planner_wksp/src/simple_planner/src/ImageMap.h:9[m[K,
                 from [01m[K/rob_prog/planner_wksp/src/simple_planner/src/ImageMap.cpp:5[m[K:
[01m[K/usr/include/c++/9/iostream:61:18:[m[K [01;36m[Knote: [m[K‘[01m[Kstd::cout[m[K’ declared here
   61 |   extern ostream [01;36m[Kcout[m[K;  /// Linked to standard output
      |                  [01;36m[K^~~~[m[K
[01m[K/rob_prog/planner_wksp/src/simple_planner/src/ImageMap.cpp:10:42:[m[K [01;31m[Kerror: [m[K‘[01m[Kendl[m[K’ was not declared in this scope; did you mean ‘[01m[Kstd::endl[m[K’?
   10 |     cout << "I heard: " << msg->width << [01;31m[Kendl[m[K;
      |                                          [01;31m[K^~~~[m[K
      |                                          [32m[Kstd::endl[m[K
In file included from [01m[K/usr/include/c++/9/istream:39[m[K,
                 from [01m[K/usr/include/c++/9/fstream:38[m[K,
                 from [01m[K/rob_prog/planner_wksp/src/simple_planner/src/ImageMap.h:8[m[K,
                 from [01m[K/rob_prog/planner_wksp/src/simple_planner/src/ImageMap.cpp:5[m[K:
[01m[K/usr/include/c++/9/ostream:599:5:[m[K [01;36m[Knote: [m[K‘[01m[Kstd::endl[m[K’ declared here
  599 |     [01;36m[Kendl[m[K(basic_ostream<_CharT, _Traits>& __os)
      |     [01;36m[K^~~~[m[K
[01m[K/rob_prog/planner_wksp/src/simple_planner/src/ImageMap.cpp:[m[K In member function ‘[01m[Kvoid ImageMap::fillMap(const ConstPtr&)[m[K’:
[01m[K/rob_prog/planner_wksp/src/simple_planner/src/ImageMap.cpp:30:5:[m[K [01;31m[Kerror: [m[K‘[01m[Kcount[m[K’ was not declared in this scope; did you mean ‘[01m[Kstd::count[m[K’?
   30 |     [01;31m[Kcount[m[K << grid << endl;
      |     [01;31m[K^~~~~[m[K
      |     [32m[Kstd::count[m[K
In file included from [01m[K/usr/include/c++/9/algorithm:62[m[K,
                 from [01m[K/usr/include/eigen3/Eigen/Core:288[m[K,
                 from [01m[K/usr/include/eigen3/Eigen/Dense:1[m[K,
                 from [01m[K/rob_prog/planner_wksp/src/simple_planner/src/ImageMap.h:12[m[K,
                 from [01m[K/rob_prog/planner_wksp/src/simple_planner/src/ImageMap.cpp:5[m[K:
[01m[K/usr/include/c++/9/bits/stl_algo.h:4113:5:[m[K [01;36m[Knote: [m[K‘[01m[Kstd::count[m[K’ declared here
 4113 |     [01;36m[Kcount[m[K(_InputIterator __first, _InputIterator __last, const _Tp& __value)
      |     [01;36m[K^~~~~[m[K
[01m[K/rob_prog/planner_wksp/src/simple_planner/src/ImageMap.cpp:30:22:[m[K [01;31m[Kerror: [m[K‘[01m[Kendl[m[K’ was not declared in this scope; did you mean ‘[01m[Kstd::endl[m[K’?
   30 |     count << grid << [01;31m[Kendl[m[K;
      |                      [01;31m[K^~~~[m[K
      |                      [32m[Kstd::endl[m[K
In file included from [01m[K/usr/include/c++/9/istream:39[m[K,
                 from [01m[K/usr/include/c++/9/fstream:38[m[K,
                 from [01m[K/rob_prog/planner_wksp/src/simple_planner/src/ImageMap.h:8[m[K,
                 from [01m[K/rob_prog/planner_wksp/src/simple_planner/src/ImageMap.cpp:5[m[K:
[01m[K/usr/include/c++/9/ostream:599:5:[m[K [01;36m[Knote: [m[K‘[01m[Kstd::endl[m[K’ declared here
  599 |     [01;36m[Kendl[m[K(basic_ostream<_CharT, _Traits>& __os)
      |     [01;36m[K^~~~[m[K
[01m[K/rob_prog/planner_wksp/src/simple_planner/src/ImageMap.cpp:[m[K In constructor ‘[01m[KImageMap::ImageMap()[m[K’:
[01m[K/rob_prog/planner_wksp/src/simple_planner/src/ImageMap.cpp:34:5:[m[K [01;31m[Kerror: [m[K‘[01m[Kcout[m[K’ was not declared in this scope; did you mean ‘[01m[Kstd::cout[m[K’?
   34 |     [01;31m[Kcout[m[K << "executing" << endl;
      |     [01;31m[K^~~~[m[K
      |     [32m[Kstd::cout[m[K
In file included from [01m[K/rob_prog/planner_wksp/src/simple_planner/src/ImageMap.h:9[m[K,
                 from [01m[K/rob_prog/planner_wksp/src/simple_planner/src/ImageMap.cpp:5[m[K:
[01m[K/usr/include/c++/9/iostream:61:18:[m[K [01;36m[Knote: [m[K‘[01m[Kstd::cout[m[K’ declared here
   61 |   extern ostream [01;36m[Kcout[m[K;  /// Linked to standard output
      |                  [01;36m[K^~~~[m[K
[01m[K/rob_prog/planner_wksp/src/simple_planner/src/ImageMap.cpp:34:28:[m[K [01;31m[Kerror: [m[K‘[01m[Kendl[m[K’ was not declared in this scope; did you mean ‘[01m[Kstd::endl[m[K’?
   34 |     cout << "executing" << [01;31m[Kendl[m[K;
      |                            [01;31m[K^~~~[m[K
      |                            [32m[Kstd::endl[m[K
In file included from [01m[K/usr/include/c++/9/istream:39[m[K,
                 from [01m[K/usr/include/c++/9/fstream:38[m[K,
                 from [01m[K/rob_prog/planner_wksp/src/simple_planner/src/ImageMap.h:8[m[K,
                 from [01m[K/rob_prog/planner_wksp/src/simple_planner/src/ImageMap.cpp:5[m[K:
[01m[K/usr/include/c++/9/ostream:599:5:[m[K [01;36m[Knote: [m[K‘[01m[Kstd::endl[m[K’ declared here
  599 |     [01;36m[Kendl[m[K(basic_ostream<_CharT, _Traits>& __os)
      |     [01;36m[K^~~~[m[K
[01m[K/rob_prog/planner_wksp/src/simple_planner/src/ImageMap.cpp:37:84:[m[K [01;31m[Kerror: [m[Kinvalid use of non-static member function ‘[01m[Kvoid ImageMap::retrieveMapMetadata(const ConstPtr&)[m[K’
   37 |     ros::Subscriber map_metadata_sub = n.subscribe("map_metadata", 1000, [01;31m[KImageMap::retrieveMapMetadata[m[K);
      |                                                                          [01;31m[K~~~~~~~~~~^~~~~~~~~~~~~~~~~~~[m[K
In file included from [01m[K/rob_prog/planner_wksp/src/simple_planner/src/ImageMap.cpp:5[m[K:
[01m[K/rob_prog/planner_wksp/src/simple_planner/src/ImageMap.h:31:18:[m[K [01;36m[Knote: [m[Kdeclared here
   31 |     private void [01;36m[KImageMap[m[K::retrieveMapMetadata(const nav_msgs::MapMetaData::ConstPtr &msg);
      |                  [01;36m[K^~~~~~~~[m[K
[01m[K/rob_prog/planner_wksp/src/simple_planner/src/ImageMap.cpp:38:71:[m[K [01;31m[Kerror: [m[Kinvalid use of non-static member function ‘[01m[Kvoid ImageMap::fillMap(const ConstPtr&)[m[K’
   38 |     ros::Subscriber map_data_sub = n.subscribe("map", 1000, [01;31m[KImageMap::fillMap[m[K);
      |                                                             [01;31m[K~~~~~~~~~~^~~~~~~[m[K
In file included from [01m[K/rob_prog/planner_wksp/src/simple_planner/src/ImageMap.cpp:5[m[K:
[01m[K/rob_prog/planner_wksp/src/simple_planner/src/ImageMap.h:32:18:[m[K [01;36m[Knote: [m[Kdeclared here
   32 |     private void [01;36m[KImageMap[m[K::fillMap(const nav_msgs::OccupancyGrid::ConstPtr &msg);
      |                  [01;36m[K^~~~~~~~[m[K
[01m[K/rob_prog/planner_wksp/src/simple_planner/src/ImageMap.cpp:[m[K At global scope:
[01m[K/rob_prog/planner_wksp/src/simple_planner/src/ImageMap.cpp:42:1:[m[K [01;31m[Kerror: [m[Kexpected unqualified-id at end of input
   42 | [01;31m[K}[m[K
      | [01;31m[K^[m[K
make[2]: *** [CMakeFiles/planner_internal.dir/build.make:63: CMakeFiles/planner_internal.dir/src/ImageMap.cpp.o] Error 1
make[1]: *** [CMakeFiles/Makefile2:670: CMakeFiles/planner_internal.dir/all] Error 2
make: *** [Makefile:141: all] Error 2
