[01m[K/rob_prog/planner_wksp/src/simple_planner/src/planner_main.cpp:[m[K In function ‘[01m[Kvoid displayMatrix(Eigen::MatrixXi)[m[K’:
[01m[K/rob_prog/planner_wksp/src/simple_planner/src/planner_main.cpp:23:5:[m[K [01;31m[Kerror: [m[K‘[01m[Kcv[m[K’ has not been declared
   23 |     [01;31m[Kcv[m[K::Mat mapImage;
      |     [01;31m[K^~[m[K
[01m[K/rob_prog/planner_wksp/src/simple_planner/src/planner_main.cpp:24:5:[m[K [01;31m[Kerror: [m[K‘[01m[Kcv[m[K’ has not been declared
   24 |     [01;31m[Kcv[m[K::eigen2cv(map, mapImage);
      |     [01;31m[K^~[m[K
[01m[K/rob_prog/planner_wksp/src/simple_planner/src/planner_main.cpp:24:23:[m[K [01;31m[Kerror: [m[K‘[01m[KmapImage[m[K’ was not declared in this scope
   24 |     cv::eigen2cv(map, [01;31m[KmapImage[m[K);
      |                       [01;31m[K^~~~~~~~[m[K
[01m[K/rob_prog/planner_wksp/src/simple_planner/src/planner_main.cpp:27:5:[m[K [01;31m[Kerror: [m[K‘[01m[Kcv_bridge[m[K’ has not been declared
   27 |     [01;31m[Kcv_bridge[m[K::CvImage cv_image;
      |     [01;31m[K^~~~~~~~~[m[K
[01m[K/rob_prog/planner_wksp/src/simple_planner/src/planner_main.cpp:28:5:[m[K [01;31m[Kerror: [m[K‘[01m[Kcv_image[m[K’ was not declared in this scope
   28 |     [01;31m[Kcv_image[m[K.image = mapImage;
      |     [01;31m[K^~~~~~~~[m[K
[01m[K/rob_prog/planner_wksp/src/simple_planner/src/planner_main.cpp:29:38:[m[K [01;31m[Kerror: [m[K‘[01m[Ksensor_msgs::image_encodings[m[K’ has not been declared
   29 |     cv_image.encoding = sensor_msgs::[01;31m[Kimage_encodings[m[K::MONO8;  // Adjust encoding as needed
      |                                      [01;31m[K^~~~~~~~~~~~~~~[m[K
make[2]: *** [CMakeFiles/simple_planner_node.dir/build.make:63: CMakeFiles/simple_planner_node.dir/src/planner_main.cpp.o] Error 1
make[1]: *** [CMakeFiles/Makefile2:508: CMakeFiles/simple_planner_node.dir/all] Error 2
make: *** [Makefile:141: all] Error 2
